c:\users\jordan coyle\documents\jordancoyle-gp1\jordancoyle_gp1\jordancoyle_gp1\debug\vc120.pdb
c:\users\jordan coyle\documents\jordancoyle-gp1\jordancoyle_gp1\jordancoyle_gp1\debug\vc120.idb
c:\users\jordan coyle\documents\jordancoyle-gp1\jordancoyle_gp1\jordancoyle_gp1\debug\cbkground.obj
c:\users\jordan coyle\documents\jordancoyle-gp1\jordancoyle_gp1\jordancoyle_gp1\debug\cbullet.obj
c:\users\jordan coyle\documents\jordancoyle-gp1\jordancoyle_gp1\jordancoyle_gp1\debug\cfont.obj
c:\users\jordan coyle\documents\jordancoyle-gp1\jordancoyle_gp1\jordancoyle_gp1\debug\cfontmgr.obj
c:\users\jordan coyle\documents\jordancoyle-gp1\jordancoyle_gp1\jordancoyle_gp1\debug\cinputmgr.obj
c:\users\jordan coyle\documents\jordancoyle-gp1\jordancoyle_gp1\jordancoyle_gp1\debug\cobject.obj
c:\users\jordan coyle\documents\jordancoyle-gp1\jordancoyle_gp1\jordancoyle_gp1\debug\csound.obj
c:\users\jordan coyle\documents\jordancoyle-gp1\jordancoyle_gp1\jordancoyle_gp1\debug\csoundmgr.obj
c:\users\jordan coyle\documents\jordancoyle-gp1\jordancoyle_gp1\jordancoyle_gp1\debug\csprite.obj
c:\users\jordan coyle\documents\jordancoyle-gp1\jordancoyle_gp1\jordancoyle_gp1\debug\csword.obj
c:\users\jordan coyle\documents\jordancoyle-gp1\jordancoyle_gp1\jordancoyle_gp1\debug\ctexture.obj
c:\users\jordan coyle\documents\jordancoyle-gp1\jordancoyle_gp1\jordancoyle_gp1\debug\cwndmanager.obj
c:\users\jordan coyle\documents\jordancoyle-gp1\jordancoyle_gp1\jordancoyle_gp1\debug\knightslash.obj
c:\users\jordan coyle\documents\jordancoyle-gp1\jordancoyle_gp1\jordancoyle_gp1\debug\main.obj
c:\users\jordan coyle\documents\jordancoyle-gp1\jordancoyle_gp1\jordancoyle_gp1\debug\windowogl.obj
c:\users\jordan coyle\documents\jordancoyle-gp1\jordancoyle_gp1\jordancoyle_gp1\debug\cknight.obj
c:\users\jordan coyle\documents\jordancoyle-gp1\jordancoyle_gp1\debug\jordancoyle_gp1.ilk
c:\users\jordan coyle\documents\jordancoyle-gp1\jordancoyle_gp1\debug\jordancoyle_gp1.exe
c:\users\jordan coyle\documents\jordancoyle-gp1\jordancoyle_gp1\debug\jordancoyle_gp1.pdb
c:\users\jordan coyle\documents\jordancoyle-gp1\jordancoyle_gp1\jordancoyle_gp1\debug\jordancoyle_gp1.tlog\cl.command.1.tlog
c:\users\jordan coyle\documents\jordancoyle-gp1\jordancoyle_gp1\jordancoyle_gp1\debug\jordancoyle_gp1.tlog\cl.read.1.tlog
c:\users\jordan coyle\documents\jordancoyle-gp1\jordancoyle_gp1\jordancoyle_gp1\debug\jordancoyle_gp1.tlog\cl.write.1.tlog
c:\users\jordan coyle\documents\jordancoyle-gp1\jordancoyle_gp1\jordancoyle_gp1\debug\jordancoyle_gp1.tlog\link.command.1.tlog
c:\users\jordan coyle\documents\jordancoyle-gp1\jordancoyle_gp1\jordancoyle_gp1\debug\jordancoyle_gp1.tlog\link.read.1.tlog
c:\users\jordan coyle\documents\jordancoyle-gp1\jordancoyle_gp1\jordancoyle_gp1\debug\jordancoyle_gp1.tlog\link.write.1.tlog
