Build started 12/04/2015 22:17:11.
     1>Project "C:\Users\Jordan Coyle\Documents\JordanCoyle-GP1\JordanCoyle_GP1\JordanCoyle_GP1\JordanCoyle_GP1.vcxproj" on node 2 (Build target(s)).
     1>ClCompile:
         C:\Program Files (x86)\Microsoft Visual Studio 12.0\VC\bin\CL.exe /c /ZI /nologo /W3 /WX- /sdl /Od /Oy- /D _MBCS /Gm /EHsc /RTC1 /MDd /GS /fp:precise /Zc:wchar_t /Zc:forScope /Fo"Debug\\" /Fd"Debug\vc120.pdb" /Gd /TP /analyze- /errorReport:prompt main.cpp
         main.cpp
     1>cl : Command line warning D9028: minimal rebuild failure, reverting to normal build
       Link:
         C:\Program Files (x86)\Microsoft Visual Studio 12.0\VC\bin\link.exe /ERRORREPORT:PROMPT /OUT:"C:\Users\Jordan Coyle\Documents\JordanCoyle-GP1\JordanCoyle_GP1\Debug\JordanCoyle_GP1.exe" /INCREMENTAL /NOLOGO kernel32.lib user32.lib gdi32.lib winspool.lib comdlg32.lib advapi32.lib shell32.lib ole32.lib oleaut32.lib uuid.lib odbc32.lib odbccp32.lib /MANIFEST /MANIFESTUAC:"level='asInvoker' uiAccess='false'" /manifest:embed /DEBUG /PDB:"C:\Users\Jordan Coyle\Documents\JordanCoyle-GP1\JordanCoyle_GP1\Debug\JordanCoyle_GP1.pdb" /TLBID:1 /DYNAMICBASE /NXCOMPAT /IMPLIB:"C:\Users\Jordan Coyle\Documents\JordanCoyle-GP1\JordanCoyle_GP1\Debug\JordanCoyle_GP1.lib" /MACHINE:X86 Debug\knightSlash.obj
         Debug\cAsteroid.obj
         Debug\cBkGround.obj
         Debug\cBullet.obj
         Debug\cFont.obj
         Debug\cFontMgr.obj
         Debug\cInputMgr.obj
         Debug\cRocket.obj
         Debug\cSound.obj
         Debug\cSoundMgr.obj
         Debug\cSprite.obj
         Debug\cTexture.obj
         Debug\cWNDManager.obj
         Debug\main.obj
         Debug\windowOGL.obj
         alut.lib
         DevIL.lib
         freeglut.lib
         ftgl.lib
         ILU.lib
         ILUT.lib
         OpenAL32.lib
         JordanCoyle_GP1.vcxproj -> C:\Users\Jordan Coyle\Documents\JordanCoyle-GP1\JordanCoyle_GP1\Debug\JordanCoyle_GP1.exe
     1>Done Building Project "C:\Users\Jordan Coyle\Documents\JordanCoyle-GP1\JordanCoyle_GP1\JordanCoyle_GP1\JordanCoyle_GP1.vcxproj" (Build target(s)).

Build succeeded.

Time Elapsed 00:00:01.25
